2025-07-20 14:15:08 [INFO]: Server running on port 5000
2025-07-20 14:15:09 [INFO]: Database connected successfully
2025-07-20 14:36:36 [INFO]: POST /api/customers
2025-07-20 14:36:36 [WARN]: No token provided for request:
2025-07-20 14:36:47 [INFO]: POST /api/customers
2025-07-20 14:36:47 [WARN]: No token provided for request:
2025-07-20 14:37:21 [INFO]: Server running on port 5000
2025-07-20 14:37:22 [INFO]: Database connected successfully
2025-07-20 15:14:28 [INFO]: Server running on port 5000
2025-07-20 15:14:29 [INFO]: Database connected successfully
2025-07-20 15:15:40 [INFO]: POST /api/install
2025-07-20 15:15:40 [WARN]: No token provided for request:
2025-07-20 15:15:43 [INFO]: POST /api/install
2025-07-20 15:15:43 [WARN]: No token provided for request:
2025-07-20 15:16:15 [INFO]: POST /api/install
2025-07-20 15:16:15 [WARN]: No token provided for request:
2025-07-20 15:16:22 [INFO]: POST /api/install
2025-07-20 15:16:22 [WARN]: No token provided for request:
2025-07-20 15:19:36 [INFO]: POST /api/install
2025-07-20 15:19:36 [WARN]: No token provided for request:
2025-07-20 21:58:32 [INFO]: Server running on port 5000
2025-07-20 21:58:33 [INFO]: Database connected successfully
2025-07-21 00:25:26 [INFO]: Server running on port 5000
2025-07-21 00:25:26 [ERROR]: Database connection failed:
2025-07-21 10:03:15 [INFO]: Server running on port 5000
2025-07-21 10:03:15 [INFO]: Database connected successfully
2025-07-21 10:06:24 [INFO]: Server running on port 5000
2025-07-21 10:06:25 [INFO]: Database connected successfully
2025-07-21 10:07:09 [INFO]: Server running on port 5000
2025-07-21 10:07:09 [INFO]: Database connected successfully
2025-07-21 10:10:43 [INFO]: Server running on port 5000
2025-07-21 10:10:43 [INFO]: Database connected successfully
2025-07-21 10:11:36 [INFO]: Server running on port 5000
2025-07-21 10:11:36 [INFO]: Database connected successfully
2025-07-21 10:50:50 [INFO]: Server running on port 5000
2025-07-21 10:50:50 [INFO]: Database connected successfully
2025-07-21 11:00:54 [INFO]: POST /api/login
2025-07-21 11:09:32 [INFO]: POST /api/customers
2025-07-21 11:09:32 [ERROR]: Invalid token:
2025-07-21 11:11:37 [INFO]: POST /api/customers
2025-07-21 11:11:37 [ERROR]: Invalid token:
2025-07-21 11:13:59 [INFO]: POST /api/customers
2025-07-21 11:13:59 [ERROR]: Invalid token:
2025-07-21 11:16:23 [INFO]: POST /api/login
2025-07-21 11:20:23 [INFO]: POST /api/customers
2025-07-21 11:20:54 [INFO]: POST /api/customers
2025-07-21 11:23:03 [INFO]: GET /api/customers
2025-07-21 11:23:03 [ERROR]: Database error fetching customers: Unknown column 'ci.customer_active_status' in 'field list'
2025-07-21 11:23:03 [ERROR]: Error fetching customers:
2025-07-21 11:23:30 [INFO]: GET /api/customers
2025-07-21 11:23:30 [ERROR]: Database error fetching customers: Unknown column 'ci.customer_active_status' in 'field list'
2025-07-21 11:23:30 [ERROR]: Error fetching customers:
2025-07-21 11:24:43 [INFO]: GET /api/customers
2025-07-21 11:24:43 [ERROR]: Invalid token:
2025-07-21 11:25:17 [INFO]: GET /api/customers
2025-07-21 11:25:17 [ERROR]: Invalid token:
2025-07-21 11:25:38 [INFO]: GET /api/customers
2025-07-21 11:25:38 [ERROR]: Database error fetching customers: Unknown column 'ci.customer_active_status' in 'field list'
2025-07-21 11:25:38 [ERROR]: Error fetching customers:
2025-07-21 11:26:02 [INFO]: GET /api/customers
2025-07-21 11:26:02 [ERROR]: Database error fetching customers: Unknown column 'ci.customer_active_status' in 'field list'
2025-07-21 11:26:02 [ERROR]: Error fetching customers:
2025-07-21 11:26:51 [INFO]: GET /api/customers
2025-07-21 11:26:51 [ERROR]: Invalid token:
2025-07-21 11:27:30 [INFO]: GET /api/customers
2025-07-21 11:27:30 [ERROR]: Invalid token:
2025-07-21 11:27:46 [INFO]: GET /api/customers
2025-07-21 11:27:46 [ERROR]: Database error fetching customers: Unknown column 'ci.customer_active_status' in 'field list'
2025-07-21 11:27:46 [ERROR]: Error fetching customers:
2025-07-21 14:02:42 [INFO]: Server running on port 5000
2025-07-21 14:02:42 [INFO]: Database connected successfully
2025-07-21 14:04:20 [INFO]: Server running on port 5000
2025-07-21 14:04:20 [INFO]: Database connected successfully
2025-07-21 14:04:42 [INFO]: GET /api/customers
2025-07-21 14:04:42 [ERROR]: Invalid token:
2025-07-21 14:04:51 [INFO]: GET /api/customers
2025-07-21 14:04:51 [ERROR]: Invalid token:
2025-07-21 14:05:43 [INFO]: GET /api/log
2025-07-21 14:06:21 [INFO]: POST /api/login
2025-07-21 14:08:32 [INFO]: POST /api/customers
2025-07-21 14:08:32 [ERROR]: Database error creating customer: Duplicate entry '1234567890' for key 'customer_phone_number'
2025-07-21 14:08:32 [ERROR]: Error creating customer:
2025-07-21 14:09:37 [INFO]: POST /api/customers
2025-07-21 14:09:37 [ERROR]: Database error creating customer: Duplicate entry '1234567890' for key 'customer_phone_number'
2025-07-21 14:09:37 [ERROR]: Error creating customer:
2025-07-21 14:11:28 [INFO]: POST /api/customers
2025-07-21 14:12:24 [INFO]: GET /api/customers
2025-07-21 14:12:24 [ERROR]: Database error fetching customers: Unknown column 'ci.customer_active_status' in 'field list'
2025-07-21 14:12:24 [ERROR]: Error fetching customers:
2025-07-21 14:22:15 [INFO]: Server running on port 5000
2025-07-21 14:22:15 [INFO]: Database connected successfully
2025-07-21 14:22:22 [INFO]: GET /api/customers
2025-07-21 14:22:22 [ERROR]: Database error fetching customers: Unknown column 'ci.customer_active_status' in 'field list'
2025-07-21 14:22:22 [ERROR]: Error fetching customers:
2025-07-21 14:22:24 [INFO]: GET /api/customers
2025-07-21 14:22:24 [ERROR]: Database error fetching customers: Unknown column 'ci.customer_active_status' in 'field list'
2025-07-21 14:22:24 [ERROR]: Error fetching customers:
2025-07-21 14:22:42 [INFO]: GET /api/customers
2025-07-21 14:22:42 [ERROR]: Database error fetching customers: Unknown column 'ci.customer_active_status' in 'field list'
2025-07-21 14:22:42 [ERROR]: Error fetching customers:
2025-07-21 14:23:10 [INFO]: Server running on port 5000
2025-07-21 14:23:10 [INFO]: Database connected successfully
2025-07-21 14:26:26 [INFO]: Server running on port 5000
2025-07-21 14:26:26 [INFO]: Database connected successfully
2025-07-21 14:26:33 [INFO]: GET /api/customers
2025-07-21 14:26:33 [ERROR]: Database error fetching customers: Unknown column 'ci.customer_active_status' in 'field list'
2025-07-21 14:26:33 [ERROR]: Error fetching customers:
2025-07-21 14:33:00 [INFO]: GET /api/customers
2025-07-21 14:33:00 [ERROR]: Database error fetching customers: Unknown column 'ci.customer_active_status' in 'field list'
2025-07-21 14:33:00 [ERROR]: Error fetching customers:
2025-07-21 14:33:20 [INFO]: Server running on port 5000
2025-07-21 14:33:20 [INFO]: Database connected successfully
2025-07-21 14:33:35 [INFO]: Server running on port 5000
2025-07-21 14:33:35 [INFO]: Database connected successfully
2025-07-21 14:35:06 [INFO]: GET /api/customers
2025-07-21 14:35:06 [ERROR]: Database error fetching customers: Unknown column 'ci.customer_active_status' in 'field list'
2025-07-21 14:35:06 [ERROR]: Error fetching customers:
2025-07-21 14:36:19 [INFO]: Server running on port 5000
2025-07-21 14:36:19 [INFO]: Database connected successfully
2025-07-21 14:36:25 [INFO]: GET /api/customers
2025-07-21 14:36:25 [ERROR]: Database error fetching customers: Unknown column 'ci.customer_active_status' in 'field list'
2025-07-21 14:36:25 [ERROR]: Error fetching customers:
2025-07-21 14:36:31 [INFO]: GET /api/customers
2025-07-21 14:36:31 [ERROR]: Database error fetching customers: Unknown column 'ci.customer_active_status' in 'field list'
2025-07-21 14:36:31 [ERROR]: Error fetching customers:
2025-07-21 14:37:18 [INFO]: Server running on port 5000
2025-07-21 14:37:18 [INFO]: Database connected successfully
2025-07-21 14:37:27 [INFO]: GET /api/customers
2025-07-21 14:37:27 [ERROR]: Database error fetching customers: Unknown column 'ci.customer_active_status' in 'field list'
2025-07-21 14:37:27 [ERROR]: Error fetching customers:
2025-07-21 14:37:29 [INFO]: GET /api/customers
2025-07-21 14:37:29 [ERROR]: Database error fetching customers: Unknown column 'ci.customer_active_status' in 'field list'
2025-07-21 14:37:29 [ERROR]: Error fetching customers:
2025-07-21 14:37:53 [INFO]: Server running on port 5000
2025-07-21 14:37:53 [INFO]: Database connected successfully
2025-07-21 14:38:04 [INFO]: GET /api/customers
2025-07-21 14:38:04 [ERROR]: Database error fetching customers: Unknown column 'ci.customer_active_status' in 'field list'
2025-07-21 14:38:04 [ERROR]: Error fetching customers:
2025-07-21 14:39:15 [INFO]: Server running on port 5000
2025-07-21 14:39:15 [INFO]: Database connected successfully
2025-07-21 14:39:20 [INFO]: GET /api/customers
2025-07-21 14:39:20 [ERROR]: Database error fetching customers: Unknown column 'ci.customer_active_status' in 'field list'
2025-07-21 14:39:20 [ERROR]: Error fetching customers:
2025-07-21 14:39:54 [INFO]: Server running on port 5000
2025-07-21 14:39:54 [INFO]: Database connected successfully
2025-07-21 14:40:20 [INFO]: Server running on port 5000
2025-07-21 14:40:20 [INFO]: Database connected successfully
2025-07-21 14:40:25 [INFO]: GET /api/customers
2025-07-21 14:40:25 [ERROR]: Database error fetching customers: Unknown column 'ci.customer_active_status' in 'field list'
2025-07-21 14:40:25 [ERROR]: Error fetching customers:
2025-07-21 14:41:54 [INFO]: POST /api/login
2025-07-21 14:43:45 [INFO]: POST /api/customers
2025-07-21 14:44:10 [INFO]: GET /api/customers
2025-07-21 14:44:10 [ERROR]: Database error fetching customers: Unknown column 'ci.customer_active_status' in 'field list'
2025-07-21 14:44:10 [ERROR]: Error fetching customers:
2025-07-21 14:44:42 [INFO]: Server running on port 5000
2025-07-21 14:44:42 [INFO]: Database connected successfully
2025-07-21 14:44:51 [INFO]: GET /api/customers
2025-07-21 14:44:51 [ERROR]: Database error fetching customers: Unknown column 'ci.customer_active_status' in 'field list'
2025-07-21 14:44:51 [ERROR]: Error fetching customers:
2025-07-21 14:44:54 [INFO]: GET /api/customers
2025-07-21 14:44:54 [ERROR]: Database error fetching customers: Unknown column 'ci.customer_active_status' in 'field list'
2025-07-21 14:44:54 [ERROR]: Error fetching customers:
2025-07-21 14:49:50 [INFO]: Server running on port 5000
2025-07-21 14:49:50 [INFO]: Database connected successfully
2025-07-21 14:50:26 [INFO]: Server running on port 5000
2025-07-21 14:50:26 [INFO]: Database connected successfully
2025-07-21 14:50:32 [INFO]: GET /api/customers
2025-07-21 14:51:30 [INFO]: GET /api/customers/1
2025-07-21 14:51:30 [ERROR]: Database error fetching customer by ID: Unknown column 'ci.customer_active_status' in 'field list'
2025-07-21 14:51:30 [ERROR]: Error fetching customer:
2025-07-21 14:51:45 [INFO]: GET /api/customers/:1
2025-07-21 14:51:45 [ERROR]: Database error fetching customer by ID: Unknown column 'ci.customer_active_status' in 'field list'
2025-07-21 14:51:45 [ERROR]: Error fetching customer:
2025-07-21 14:52:38 [INFO]: GET /api/customers/4
2025-07-21 14:52:38 [ERROR]: Database error fetching customer by ID: Unknown column 'ci.customer_active_status' in 'field list'
2025-07-21 14:52:38 [ERROR]: Error fetching customer:
2025-07-21 14:54:00 [INFO]: Server running on port 5000
2025-07-21 14:54:00 [INFO]: Database connected successfully
2025-07-21 14:54:03 [INFO]: Server running on port 5000
2025-07-21 14:54:03 [INFO]: Database connected successfully
2025-07-21 14:54:07 [INFO]: Server running on port 5000
2025-07-21 14:54:07 [INFO]: Database connected successfully
2025-07-21 14:54:12 [INFO]: GET /api/customers/4
2025-07-21 14:54:23 [INFO]: GET /api/customers/1
2025-07-21 14:54:33 [INFO]: GET /api/customers/2
2025-07-21 14:54:44 [INFO]: GET /api/customers/3
2025-07-21 14:54:54 [INFO]: GET /api/customers/4
2025-07-21 14:55:07 [INFO]: Server running on port 5000
2025-07-21 14:55:07 [INFO]: Database connected successfully
2025-07-21 14:57:17 [INFO]: Server running on port 5000
2025-07-21 14:57:17 [INFO]: Database connected successfully
2025-07-21 14:57:20 [INFO]: GET /api/customers/4
2025-07-21 14:57:28 [INFO]: GET /api/customers/3
2025-07-21 14:57:35 [INFO]: GET /api/customers/1
2025-07-21 14:57:40 [INFO]: GET /api/customers/2
2025-07-21 14:57:46 [INFO]: GET /api/customers/5
2025-07-21 14:58:27 [INFO]: Server running on port 5000
2025-07-21 14:58:27 [INFO]: Database connected successfully
2025-07-21 14:58:56 [INFO]: DELETE /api/customers/1
2025-07-21 14:58:56 [ERROR]: Database error deleting customer: Unknown column 'customer_active_status' in 'field list'
2025-07-21 14:58:56 [ERROR]: Error deleting customer:
2025-07-21 15:02:47 [INFO]: Server running on port 5000
2025-07-21 15:02:47 [INFO]: Database connected successfully
2025-07-21 15:02:54 [INFO]: DELETE /api/customers/1
2025-07-21 15:04:25 [INFO]: Server running on port 5000
2025-07-21 15:04:25 [INFO]: Database connected successfully
2025-07-21 15:07:15 [INFO]: PUT /api/customers/1
2025-07-22 07:46:20 [INFO]: Server running on port 5000
2025-07-22 07:46:21 [INFO]: Database connected successfully
2025-07-22 07:46:41 [INFO]: POST /api/login
2025-07-22 07:51:01 [INFO]: POST /api/employee
2025-07-22 07:52:38 [INFO]: POST /api/employee
2025-07-22 07:53:55 [INFO]: POST /api/employees
2025-07-22 07:55:44 [INFO]: GET /api/employees
2025-07-22 07:56:37 [INFO]: PUT /api/employees
2025-07-22 07:56:56 [INFO]: POST /api/employees
2025-07-22 07:56:56 [ERROR]: Database error creating employee: Duplicate entry 'juwi@example.com' for key 'employee_email'
2025-07-22 07:56:56 [ERROR]: Error creating employee:
2025-07-22 07:57:05 [INFO]: PUT /api/employees
2025-07-22 07:58:17 [INFO]: DELETE /api/employees/4
2025-07-22 07:58:33 [INFO]: GET /api/employees
2025-07-22 07:58:53 [INFO]: POST /api/employees
2025-07-22 07:58:53 [ERROR]: Database error creating employee: Duplicate entry 'juwi@example.com' for key 'employee_email'
2025-07-22 07:58:53 [ERROR]: Error creating employee:
2025-07-22 07:59:37 [INFO]: POST /api/employees
2025-07-22 07:59:54 [INFO]: GET /api/employees
2025-07-22 08:01:02 [INFO]: PUT /api/employees/7
2025-07-22 08:08:28 [INFO]: POST /api/install
2025-07-22 08:08:28 [INFO]: Admin user admin@abesgarage.com already exists, skipping creation.
2025-07-22 08:08:28 [INFO]: Seeded service: Oil Change
2025-07-22 08:08:28 [INFO]: Seeded service: Tire Rotation
2025-07-22 08:08:28 [INFO]: Seeded service: Brake Inspection
2025-07-22 08:08:28 [INFO]: Database initialization and seeding completed.
2025-07-22 08:12:51 [INFO]: Server running on port 5000
2025-07-22 08:12:52 [INFO]: Database connected successfully
2025-07-22 08:14:03 [INFO]: Server running on port 5000
2025-07-22 08:14:03 [INFO]: Database connected successfully
2025-07-22 08:14:51 [INFO]: Server running on port 5000
2025-07-22 08:14:51 [INFO]: Database connected successfully
2025-07-22 08:15:12 [INFO]: Server running on port 5000
2025-07-22 08:15:12 [INFO]: Database connected successfully
2025-07-22 08:15:18 [INFO]: Server running on port 5000
2025-07-22 08:15:18 [INFO]: Database connected successfully
2025-07-22 08:15:37 [INFO]: Server running on port 5000
2025-07-22 08:15:37 [INFO]: Database connected successfully
2025-07-22 08:19:08 [INFO]: POST /api/install
2025-07-22 08:19:08 [INFO]: Admin user admin@abesgarage.com already exists, skipping creation.
2025-07-22 08:19:08 [INFO]: Service Oil Change already exists, skipping creation.
2025-07-22 08:19:08 [INFO]: Service Tire Rotation already exists, skipping creation.
2025-07-22 08:19:08 [INFO]: Service Brake Inspection already exists, skipping creation.
2025-07-22 08:19:08 [INFO]: Database initialization and seeding completed.
2025-07-22 08:19:20 [INFO]: GET /api/cutomers
2025-07-22 08:19:29 [INFO]: GET /api/customers
2025-07-22 08:20:14 [INFO]: GET /api/employees
2025-07-22 08:21:29 [INFO]: GET /api/login
2025-07-22 08:21:36 [INFO]: POST /api/login
2025-07-22 08:21:59 [INFO]: POST /api/login
2025-07-22 08:25:28 [INFO]: POST /api/employees
2025-07-22 08:25:40 [INFO]: GET /api/employees
2025-07-22 08:26:23 [INFO]: POST /api/login
2025-07-22 08:28:34 [INFO]: POST /api/orders
2025-07-22 08:28:34 [ERROR]: Database error creating order: Unknown column 'customer_active_status' in 'where clause'
2025-07-22 08:28:34 [ERROR]: Error creating order:
2025-07-22 08:29:48 [INFO]: POST /api/login
2025-07-22 08:30:51 [INFO]: POST /api/orders
2025-07-22 08:30:51 [ERROR]: Database error creating order: Unknown column 'customer_active_status' in 'where clause'
2025-07-22 08:30:51 [ERROR]: Error creating order:
2025-07-22 08:33:54 [INFO]: Server running on port 5000
2025-07-22 08:33:54 [INFO]: Database connected successfully
2025-07-22 08:34:00 [INFO]: Server running on port 5000
2025-07-22 08:34:00 [INFO]: Database connected successfully
2025-07-22 08:35:54 [INFO]: Server running on port 5000
2025-07-22 08:35:54 [INFO]: Database connected successfully
2025-07-22 08:36:02 [INFO]: POST /api/orders
2025-07-22 08:36:02 [ERROR]: Database error creating order: Table 'abe_garage.vehicle' doesn't exist
2025-07-22 08:36:02 [ERROR]: Error creating order:
2025-07-22 08:36:04 [INFO]: POST /api/orders
2025-07-22 08:36:04 [ERROR]: Database error creating order: Table 'abe_garage.vehicle' doesn't exist
2025-07-22 08:36:04 [ERROR]: Error creating order:
2025-07-22 08:36:14 [INFO]: Server running on port 5000
2025-07-22 08:36:15 [INFO]: Database connected successfully
2025-07-22 08:37:23 [INFO]: POST /api/orders
2025-07-22 08:37:23 [ERROR]: Database error creating order: Unknown column 'customer_active_status' in 'where clause'
2025-07-22 08:37:23 [ERROR]: Error creating order:
2025-07-22 08:43:20 [INFO]: Server running on port 5000
2025-07-22 08:43:20 [INFO]: Database connected successfully
2025-07-22 08:43:27 [INFO]: POST /api/orders
2025-07-22 08:43:27 [ERROR]: Database error creating order: Table 'abe_garage.vehicle' doesn't exist
2025-07-22 08:43:27 [ERROR]: Error creating order:
2025-07-22 08:43:29 [INFO]: POST /api/orders
2025-07-22 08:43:29 [ERROR]: Database error creating order: Table 'abe_garage.vehicle' doesn't exist
2025-07-22 08:43:29 [ERROR]: Error creating order:
2025-07-22 08:55:39 [INFO]: Server running on port 5000
2025-07-22 08:55:39 [INFO]: Database connected successfully
2025-07-22 08:57:09 [INFO]: POST /api/orders
2025-07-22 08:57:09 [ERROR]: Database error creating order: Unknown column 'customer_active_status' in 'where clause'
2025-07-22 08:57:09 [ERROR]: Error creating order:
2025-07-22 09:00:53 [INFO]: Server running on port 5000
2025-07-22 09:00:53 [INFO]: Database connected successfully
2025-07-22 09:00:58 [INFO]: POST /api/orders
2025-07-22 09:00:58 [ERROR]: Database error creating order: Table 'abe_garage.vehicle' doesn't exist
2025-07-22 09:00:58 [ERROR]: Error creating order:
2025-07-22 09:28:25 [INFO]: Server running on port 5000
2025-07-22 09:28:25 [INFO]: Database connected successfully
2025-07-22 09:32:55 [INFO]: POST /api/orders
2025-07-22 09:32:55 [ERROR]: Invalid token:
2025-07-22 09:33:35 [INFO]: POST /api/login
2025-07-22 09:34:39 [INFO]: POST /api/orders
2025-07-22 09:34:39 [ERROR]: Database error creating order: Table 'abe_garage.vehicle' doesn't exist
2025-07-22 09:34:39 [ERROR]: Error creating order:
2025-07-22 09:36:08 [INFO]: Server running on port 5000
2025-07-22 09:36:08 [INFO]: Database connected successfully
2025-07-22 09:36:12 [INFO]: POST /api/orders
2025-07-22 09:36:12 [ERROR]: Database error creating order: Unknown column 'customer_active_status' in 'where clause'
2025-07-22 09:36:12 [ERROR]: Error creating order:
2025-07-22 09:39:50 [INFO]: Server running on port 5000
2025-07-22 09:39:50 [INFO]: Database connected successfully
2025-07-22 09:40:56 [INFO]: POST /api/orders
2025-07-22 09:40:56 [ERROR]: Database error creating order: Table 'abe_garage.vehicle' doesn't exist
2025-07-22 09:40:56 [ERROR]: Error creating order:
2025-07-22 09:42:01 [INFO]: POST /api/customers
2025-07-22 09:42:58 [INFO]: POST /api/vehicles
2025-07-22 09:42:58 [ERROR]: Database error creating vehicle: Unknown column 'customer_active_status' in 'where clause'
2025-07-22 09:42:58 [ERROR]: Error creating vehicle:
2025-07-22 09:44:23 [INFO]: Server running on port 5000
2025-07-22 09:44:23 [INFO]: Database connected successfully
2025-07-22 09:45:03 [INFO]: Server running on port 5000
2025-07-22 09:45:03 [INFO]: Database connected successfully
2025-07-22 09:45:37 [INFO]: POST /api/vehicles
2025-07-22 09:45:37 [ERROR]: Database error creating vehicle: Table 'abe_garage.vehicle' doesn't exist
2025-07-22 09:45:37 [ERROR]: Error creating vehicle:
2025-07-22 09:45:39 [INFO]: POST /api/vehicles
2025-07-22 09:45:39 [ERROR]: Database error creating vehicle: Table 'abe_garage.vehicle' doesn't exist
2025-07-22 09:45:39 [ERROR]: Error creating vehicle:
2025-07-22 09:45:47 [INFO]: Server running on port 5000
2025-07-22 09:45:47 [INFO]: Database connected successfully
2025-07-22 09:48:28 [INFO]: Server running on port 5000
2025-07-22 09:48:28 [INFO]: Database connected successfully
2025-07-22 09:48:40 [INFO]: Server running on port 5000
2025-07-22 09:48:40 [INFO]: Database connected successfully
2025-07-22 09:48:48 [INFO]: Server running on port 5000
2025-07-22 09:48:48 [INFO]: Database connected successfully
2025-07-22 09:49:28 [INFO]: Server running on port 5000
2025-07-22 09:49:28 [INFO]: Database connected successfully
2025-07-22 09:49:33 [INFO]: POST /api/vehicles
2025-07-22 09:49:33 [ERROR]: Database error creating vehicle: Table 'abe_garage.vehicle' doesn't exist
2025-07-22 09:49:33 [ERROR]: Error creating vehicle: Table 'abe_garage.vehicle' doesn't exist
2025-07-22 09:49:37 [INFO]: POST /api/vehicles
2025-07-22 09:49:37 [ERROR]: Database error creating vehicle: Table 'abe_garage.vehicle' doesn't exist
2025-07-22 09:49:37 [ERROR]: Error creating vehicle: Table 'abe_garage.vehicle' doesn't exist
2025-07-22 09:52:08 [INFO]: Server running on port 5000
2025-07-22 09:52:09 [INFO]: Database connected successfully
2025-07-22 09:52:13 [INFO]: Server running on port 5000
2025-07-22 09:52:13 [INFO]: Database connected successfully
2025-07-22 09:52:18 [INFO]: Server running on port 5000
2025-07-22 09:52:18 [INFO]: Database connected successfully
2025-07-22 09:52:23 [INFO]: Server running on port 5000
2025-07-22 09:52:23 [INFO]: Database connected successfully
2025-07-22 09:52:27 [INFO]: POST /api/vehicles
2025-07-22 09:52:27 [ERROR]: Database error creating vehicle: Table 'abe_garage.vehicle' doesn't exist
2025-07-22 09:52:27 [ERROR]: Error creating vehicle: Table 'abe_garage.vehicle' doesn't exist
2025-07-22 09:52:51 [INFO]: Server running on port 5000
2025-07-22 09:52:51 [INFO]: Database connected successfully
2025-07-22 09:52:54 [INFO]: POST /api/vehicles
2025-07-22 09:52:54 [ERROR]: Database error creating vehicle: Table 'abe_garage.vehicle' doesn't exist
2025-07-22 09:52:54 [ERROR]: Error creating vehicle:
2025-07-22 09:52:56 [INFO]: POST /api/vehicles
2025-07-22 09:52:56 [ERROR]: Database error creating vehicle: Table 'abe_garage.vehicle' doesn't exist
2025-07-22 09:52:56 [ERROR]: Error creating vehicle:
2025-07-22 09:56:00 [INFO]: Server running on port 5000
2025-07-22 09:56:01 [INFO]: Database connected successfully
2025-07-22 09:56:01 [INFO]: POST /api/vehicles
2025-07-22 09:56:01 [ERROR]: Database error creating vehicle: Table 'abe_garage.vehicle' doesn't exist
2025-07-22 09:56:01 [ERROR]: Error creating vehicle:
2025-07-22 09:56:04 [INFO]: POST /api/vehicles
2025-07-22 09:56:04 [ERROR]: Database error creating vehicle: Table 'abe_garage.vehicle' doesn't exist
2025-07-22 09:56:04 [ERROR]: Error creating vehicle:
2025-07-22 10:04:40 [INFO]: Server running on port 5000
2025-07-22 10:04:40 [INFO]: Database connected successfully
2025-07-22 10:05:20 [INFO]: Server running on port 5000
2025-07-22 10:05:20 [INFO]: Database connected successfully
2025-07-22 10:06:24 [INFO]: POST /api/vehicles
2025-07-22 10:06:24 [ERROR]: Database error creating vehicle: Unknown column 'vehicle_vin' in 'where clause'
2025-07-22 10:06:24 [ERROR]: Error creating vehicle:
2025-07-22 10:27:18 [INFO]: Server running on port 5000
2025-07-22 10:27:19 [INFO]: Database connected successfully
2025-07-22 10:28:00 [INFO]: Server running on port 5000
2025-07-22 10:28:00 [INFO]: Database connected successfully
2025-07-22 10:28:57 [INFO]: Server running on port 5000
2025-07-22 10:28:57 [INFO]: Database connected successfully
2025-07-22 10:29:03 [INFO]: Server running on port 5000
2025-07-22 10:29:03 [INFO]: Database connected successfully
2025-07-22 10:29:55 [INFO]: POST /api/vehicles
2025-07-22 10:31:05 [INFO]: POST /api/orders
2025-07-22 10:34:35 [INFO]: POST /api/orders
2025-07-22 10:34:35 [ERROR]: Invalid token:
2025-07-22 10:36:09 [INFO]: POST /api/orders
2025-07-22 10:36:09 [ERROR]: Invalid token:
2025-07-22 10:37:16 [INFO]: POST /api/login
2025-07-22 10:47:49 [INFO]: Server running on port 5000
2025-07-22 10:47:49 [INFO]: Database connected successfully
2025-07-22 11:17:39 [INFO]: POST /api/orders
2025-07-22 11:18:04 [INFO]: POST /api/orders
2025-07-22 11:18:06 [INFO]: POST /api/orders
2025-07-22 11:24:55 [INFO]: Server running on port 5000
2025-07-22 11:24:56 [INFO]: Database connected successfully
2025-07-22 11:24:59 [INFO]: Server running on port 5000
2025-07-22 11:24:59 [INFO]: Database connected successfully
2025-07-23 06:30:08 [INFO]: Server running on port 5000
2025-07-23 06:30:09 [INFO]: Database connected successfully
2025-07-23 06:33:01 [INFO]: PUT /api/login
2025-07-23 06:33:13 [INFO]: POST /api/login
2025-07-23 06:41:04 [INFO]: POST /api/customers
2025-07-23 06:41:12 [INFO]: POST /api/vehicles
2025-07-23 06:41:12 [ERROR]: Database error creating vehicle: Vehicle serial number already exists
2025-07-23 06:41:12 [ERROR]: Error creating vehicle:
2025-07-23 06:41:46 [INFO]: POST /api/vehicles
2025-07-23 06:41:46 [ERROR]: Database error creating vehicle: Vehicle tag already exists
2025-07-23 06:41:46 [ERROR]: Error creating vehicle:
2025-07-23 06:42:45 [INFO]: POST /api/vehicles
2025-07-23 06:43:05 [INFO]: GET /api/vehicles
